<?xml version="1.0" encoding="UTF-8"?>
<testng-results ignored="10" total="11" passed="1" failed="0" skipped="0">
  <reporter-output>
  </reporter-output>
  <suite started-at="2020-05-27T06:46:50 IST" name="Default suite" finished-at="2020-05-27T06:48:37 IST" duration-ms="106642">
    <groups>
    </groups>
    <test started-at="2020-05-27T06:46:50 IST" name="Default test" finished-at="2020-05-27T06:48:37 IST" duration-ms="106642">
      <class name="demoMavenProject5.Searchfunctionality">
        <test-method signature="Test12_testORDER_HISTORY_Page()[pri:0, instance:demoMavenProject5.Searchfunctionality@2928854b]" started-at="2020-05-27T06:46:50 IST" name="Test12_testORDER_HISTORY_Page" finished-at="2020-05-27T06:48:37 IST" duration-ms="106521" status="PASS">
          <reporter-output>
          </reporter-output>
        </test-method> <!-- Test12_testORDER_HISTORY_Page -->
      </class> <!-- demoMavenProject5.Searchfunctionality -->
    </test> <!-- Default test -->
  </suite> <!-- Default suite -->
</testng-results>
