<?xml version="1.0" encoding="UTF-8"?>
<!-- Generated by org.testng.reporters.JUnitXMLReporter -->
<testsuite ignored="10" hostname="SILICUS524" failures="0" tests="1" name="Default test" time="106.642" errors="0" timestamp="2020-05-27T06:48:37 IST">
  <testcase classname="demoMavenProject5.Searchfunctionality" name="Test12_testORDER_HISTORY_Page" time="106.521"/>
  <testcase classname="demoMavenProject5.Searchfunctionality" name="Test6_UserAuthtification" time="0.0">
    <ignored/>
  </testcase> <!-- Test6_UserAuthtification -->
  <testcase classname="demoMavenProject5.Searchfunctionality" name="Test5_ShppingCartSummary_" time="0.0">
    <ignored/>
  </testcase> <!-- Test5_ShppingCartSummary_ -->
  <testcase classname="demoMavenProject5.Searchfunctionality" name="Test2_testSearchfunction" time="0.0">
    <ignored/>
  </testcase> <!-- Test2_testSearchfunction -->
  <testcase classname="demoMavenProject5.Searchfunctionality" name="Test3_OpenSearchedProductsInNewTab" time="0.0">
    <ignored/>
  </testcase> <!-- Test3_OpenSearchedProductsInNewTab -->
  <testcase classname="demoMavenProject5.Searchfunctionality" name="Test11_Order_Summury_Page" time="0.0">
    <ignored/>
  </testcase> <!-- Test11_Order_Summury_Page -->
  <testcase classname="demoMavenProject5.Searchfunctionality" name="Test10_Order_Summury_Page" time="0.0">
    <ignored/>
  </testcase> <!-- Test10_Order_Summury_Page -->
  <testcase classname="demoMavenProject5.Searchfunctionality" name="Test8_ShippingPage" time="0.0">
    <ignored/>
  </testcase> <!-- Test8_ShippingPage -->
  <testcase classname="demoMavenProject5.Searchfunctionality" name="Test7_ADDRESSES_verification" time="0.0">
    <ignored/>
  </testcase> <!-- Test7_ADDRESSES_verification -->
  <testcase classname="demoMavenProject5.Searchfunctionality" name="Test4_AddtoCartSearchedProductsFromNewTab" time="0.0">
    <ignored/>
  </testcase> <!-- Test4_AddtoCartSearchedProductsFromNewTab -->
  <testcase classname="demoMavenProject5.Searchfunctionality" name="Test9_SelectPaymentMethod" time="0.0">
    <ignored/>
  </testcase> <!-- Test9_SelectPaymentMethod -->
</testsuite> <!-- Default test -->
